min: + 2 x1 + 1 x2 + 3 x3;
x1 >= 0;
x1 <= 1;
x2 >= 0;
x2 <= 1;
x3 >= 0;
x3 <= 1;
a1 >= 0;
a1 <= 1;
b1 >= 0;
b1 <= 1;
2 a1 + b1 + x1 + x2 = 2;
a2 >= 0;
a2 <= 1;
b2 >= 0;
b2 <= 1;
2 a2 + b2 + x2 + x3 = 2;
a3 >= 0;
a3 <= 1;
b3 >= 0;
b3 <= 1;
2 a3 + b3 + x3 + x1 = 2;
m >= 0;
m <= 3;
m  - a1 - a2 - a3 = 0;
f1 >= 0;
f1 <= 3;
f1 + 3 x1 <= 3;
f1 + 3 x2 <= 3;
f2 >= 0;
f2 <= 3;
f2 + 3 x2 <= 3;
f2 + 3 x3 <= 3;
f3 >= 0;
f3 <= 3;
f3 + 3 x3 <= 3;
f3 + 3 x1 <= 3;
f4 >= 0;
f4 <= 3;
f4 + 3 x2 <= 3;
f4 + 3 x1 <= 3;
f5 >= 0;
f5 <= 3;
f5 + 3 x3 <= 3;
f5 + 3 x2 <= 3;
f6 >= 0;
f6 <= 3;
f6 + 3 x1 <= 3;
f6 + 3 x3 <= 3;
fin1 >= 0;
fin1 <= 3;
in1 >= 0;
in1 <= 1;
3 in1 - fin1 >= 0;
fin1 - f1 + f4 + f3 - f6 = 1;
fin2 >= 0;
fin2 <= 3;
in2 >= 0;
in2 <= 1;
3 in2 - fin2 >= 0;
fin2 + f1 - f4 - f2 + f5 = 1;
fin3 >= 0;
fin3 <= 3;
in3 >= 0;
in3 <= 1;
3 in3 - fin3 >= 0;
fin3 + f2 - f5 - f3 + f6 = 1;
m  + in1 + in2 + in3 = 3;
int x1 , x2 , x3 , a1 , b1 , a2 , b2 , a3 , b3 , m , f1 , f2 , f3 , f4 , f5 , f6 , fin1 , in1 , fin2 , in2 , fin3 , in3 ;
